Removed Pin From Net: NetName=GND Pin=C22-1
Removed Pin From Net: NetName=+5_HEATER Pin=C22-2
Removed Pin From Net: NetName=GND Pin=C26-1
Removed Pin From Net: NetName=+5_HEATER Pin=C26-2
Removed Pin From Net: NetName=GND Pin=C34-1
Removed Pin From Net: NetName=+5_HEATER Pin=C34-2
Removed Pin From Net: NetName=GND Pin=C36-1
Removed Pin From Net: NetName=+5_HEATER Pin=C36-2
Removed Pin From Net: NetName=GND Pin=C48-1
Removed Pin From Net: NetName=GND Pin=C50-1
Removed Pin From Net: NetName=GND Pin=C68-1
Removed Pin From Net: NetName=+5_HEATER Pin=C68-2
Removed Pin From Net: NetName=GND Pin=C70-1
Removed Pin From Net: NetName=+5_HEATER Pin=C70-2
Removed Pin From Net: NetName=GND Pin=C88-1
Removed Pin From Net: NetName=+5_HEATER Pin=C88-2
Removed Pin From Net: NetName=GND Pin=C90-1
Removed Pin From Net: NetName=+5_HEATER Pin=C90-2
Removed Pin From Net: NetName=GND Pin=C96-1
Removed Pin From Net: NetName=GND Pin=C98-1
Removed Pin From Net: NetName=+5_HEATER Pin=D12-1
Removed Pin From Net: NetName=+5_HEATER Pin=D13-1
Removed Pin From Net: NetName=+5_HEATER Pin=D14-1
Removed Pin From Net: NetName=+5_HEATER Pin=D15-1
Removed Pin From Net: NetName=ISO_SCL1 Pin=H1-1
Removed Pin From Net: NetName=ISO_SDA1 Pin=H1-2
Removed Pin From Net: NetName=VBUS Pin=H1-3
Removed Pin From Net: NetName=GND_BUS Pin=H1-4
Removed Pin From Net: NetName=ISO_SPI1_SI Pin=H1-5
Removed Pin From Net: NetName=12_EXP Pin=H1-6
Removed Pin From Net: NetName=ISO_SPI1_SO Pin=H1-7
Removed Pin From Net: NetName=12_EXP Pin=H1-8
Removed Pin From Net: NetName=ISO_SPI1_SCLK Pin=H1-9
Removed Pin From Net: NetName=GND_12_EXP Pin=H1-10
Removed Pin From Net: NetName=ISO_SPI1_S\S\S\ Pin=H1-11
Removed Pin From Net: NetName=GND_12_EXP Pin=H1-12
Removed Pin From Net: NetName=ISO_CANL Pin=H4-4
Removed Pin From Net: NetName=ISO_CANH Pin=H4-6
Removed Pin From Net: NetName=ISO_SCL0 Pin=H4-8
Removed Pin From Net: NetName=TEC_1_A Pin=H5-1
Removed Pin From Net: NetName=3V3_EXP Pin=H5-2
Removed Pin From Net: NetName=TEC_1_B Pin=H5-3
Removed Pin From Net: NetName=NTC1- Pin=H5-4
Removed Pin From Net: NetName=TEC_2_A Pin=H5-5
Removed Pin From Net: NetName=3V3_EXP Pin=H5-6
Removed Pin From Net: NetName=TEC_2_B Pin=H5-7
Removed Pin From Net: NetName=NTC2- Pin=H5-8
Removed Pin From Net: NetName=TEC_3_A Pin=H5-9
Removed Pin From Net: NetName=3V3_EXP Pin=H5-10
Removed Pin From Net: NetName=TEC_3_B Pin=H5-11
Removed Pin From Net: NetName=NTC3- Pin=H5-12
Removed Pin From Net: NetName=TEC_4_A Pin=H5-13
Removed Pin From Net: NetName=3V3_EXP Pin=H5-14
Removed Pin From Net: NetName=TEC_4_B Pin=H5-15
Removed Pin From Net: NetName=NTC4- Pin=H5-16
Removed Pin From Net: NetName=IR_LED_1- Pin=H6-1
Removed Pin From Net: NetName=IR_LED_1+ Pin=H6-3
Removed Pin From Net: NetName=IR_LED_2- Pin=H6-5
Removed Pin From Net: NetName=IR_LED_2+ Pin=H6-7
Removed Pin From Net: NetName=IR_LED_3- Pin=H6-9
Removed Pin From Net: NetName=IR_LED_3+ Pin=H6-11
Removed Pin From Net: NetName=IR_LED_4- Pin=H6-13
Removed Pin From Net: NetName=IR_LED_4+ Pin=H6-15
Removed Pin From Net: NetName=12_EXP Pin=H7-A1
Removed Pin From Net: NetName=12_EXP Pin=H7-A2
Removed Pin From Net: NetName=12_EXP Pin=H7-A3
Removed Pin From Net: NetName=VBUS Pin=H7-A4
Removed Pin From Net: NetName=VBUS Pin=H7-A5
Removed Pin From Net: NetName=ISO_SCL1 Pin=H7-A6
Removed Pin From Net: NetName=GND_12_EXP Pin=H7-B1
Removed Pin From Net: NetName=GND_12_EXP Pin=H7-B2
Removed Pin From Net: NetName=GND_12_EXP Pin=H7-B3
Removed Pin From Net: NetName=GND_BUS Pin=H7-B4
Removed Pin From Net: NetName=GND_BUS Pin=H7-B5
Removed Pin From Net: NetName=ISO_SDA1 Pin=H7-B6
Removed Pin From Net: NetName=SWCLK Pin=R34-1
Removed Pin From Net: NetName=SWDIO Pin=R36-1
Removed Pin From Net: NetName=HEATER_PWM_1 Pin=R75-2
Removed Pin From Net: NetName=HEATER_PWM_3 Pin=R76-2
Removed Pin From Net: NetName=+5_HEATER Pin=R77-2
Removed Pin From Net: NetName=+5_HEATER Pin=R78-2
Removed Pin From Net: NetName=GND Pin=R79-1
Removed Pin From Net: NetName=HEATER_PWM_1 Pin=R79-2
Removed Pin From Net: NetName=HEATER_PWM_3 Pin=R80-2
Removed Pin From Net: NetName=HEATER_PWM_2 Pin=R81-2
Removed Pin From Net: NetName=HEATER_PWM_4 Pin=R82-2
Removed Pin From Net: NetName=3V3_EXP Pin=R115-2
Removed Pin From Net: NetName=GND Pin=R116-1
Removed Pin From Net: NetName=3V3_EXP Pin=R117-2
Removed Pin From Net: NetName=GND Pin=R118-1
Removed Pin From Net: NetName=3V3_EXP Pin=R121-2
Removed Pin From Net: NetName=GND Pin=R122-1
Removed Pin From Net: NetName=3V3_EXP Pin=R123-2
Removed Pin From Net: NetName=GND Pin=R124-1
Removed Pin From Net: NetName=+5_HEATER Pin=R142-2
Removed Pin From Net: NetName=+5_HEATER Pin=R143-2
Removed Pin From Net: NetName=GND Pin=R144-1
Removed Pin From Net: NetName=HEATER_PWM_2 Pin=R144-2
Removed Pin From Net: NetName=GND Pin=R145-1
Removed Pin From Net: NetName=HEATER_PWM_4 Pin=R145-2
Removed Pin From Net: NetName=GND Pin=TVS13-3
Removed Pin From Net: NetName=ISO_CANL Pin=TVS16-1
Removed Pin From Net: NetName=ISO_CANH Pin=TVS16-2
Removed Pin From Net: NetName=ISO_SCL0 Pin=TVS18-1
Removed Pin From Net: NetName=GND Pin=TVS24-3
Removed Pin From Net: NetName=GND Pin=TVS25-3
Removed Pin From Net: NetName=GND Pin=TVS26-3
Removed Pin From Net: NetName=GND Pin=U22-1
Removed Pin From Net: NetName=GND Pin=U22-2
Removed Pin From Net: NetName=+5_HEATER Pin=U22-6
Removed Pin From Net: NetName=GND Pin=U22-EPAD
Removed Pin From Net: NetName=GND Pin=U23-1
Removed Pin From Net: NetName=GND Pin=U23-2
Removed Pin From Net: NetName=+5_HEATER Pin=U23-6
Removed Pin From Net: NetName=GND Pin=U23-EPAD
Removed Pin From Net: NetName=GND Pin=U24-1
Removed Pin From Net: NetName=GND Pin=U24-2
Removed Pin From Net: NetName=+5_HEATER Pin=U24-6
Removed Pin From Net: NetName=GND Pin=U24-EPAD
Removed Pin From Net: NetName=GND Pin=U25-1
Removed Pin From Net: NetName=GND Pin=U25-2
Removed Pin From Net: NetName=+5_HEATER Pin=U25-6
Removed Pin From Net: NetName=GND Pin=U25-EPAD
Removed Member From Class: ClassName=HEATER Member=C22
Removed Member From Class: ClassName=HEATER Member=C26
Removed Member From Class: ClassName=HEATER Member=C34
Removed Member From Class: ClassName=HEATER Member=C36
Removed Member From Class: ClassName=NTC Member=C37
Removed Member From Class: ClassName=NTC Member=C38
Removed Member From Class: ClassName=NTC Member=C39
Removed Member From Class: ClassName=NTC Member=C40
Removed Member From Class: ClassName=HEATER Member=C48
Removed Member From Class: ClassName=HEATER Member=C50
Removed Member From Class: ClassName=HEATER Member=C54
Removed Member From Class: ClassName=HEATER Member=C56
Removed Member From Class: ClassName=HEATER Member=C62
Removed Member From Class: ClassName=HEATER Member=C64
Removed Member From Class: ClassName=HEATER Member=C68
Removed Member From Class: ClassName=HEATER Member=C70
Removed Member From Class: ClassName=HEATER Member=C88
Removed Member From Class: ClassName=HEATER Member=C90
Removed Member From Class: ClassName=HEATER Member=C96
Removed Member From Class: ClassName=HEATER Member=C98
Removed Member From Class: ClassName=HEATER Member=C102
Removed Member From Class: ClassName=HEATER Member=C103
Removed Member From Class: ClassName=HEATER Member=C106
Removed Member From Class: ClassName=HEATER Member=C108
Removed Member From Class: ClassName=HEATER Member=D12
Removed Member From Class: ClassName=HEATER Member=D13
Removed Member From Class: ClassName=HEATER Member=D14
Removed Member From Class: ClassName=HEATER Member=D15
Removed Member From Class: ClassName=HEADERSchDoc Member=H1
Removed Member From Class: ClassName=HEADERSchDoc Member=Hole1
Removed Member From Class: ClassName=HEADERSchDoc Member=Hole2
Removed Member From Class: ClassName=HEADERSchDoc Member=Hole3
Removed Member From Class: ClassName=HEADERSchDoc Member=Hole4
Removed Member From Class: ClassName=HEATER Member=L10
Removed Member From Class: ClassName=HEATER Member=L11
Removed Member From Class: ClassName=HEATER Member=L12
Removed Member From Class: ClassName=HEATER Member=L13
Removed Member From Class: ClassName=NTC Member=R115
Removed Member From Class: ClassName=NTC Member=R116
Removed Member From Class: ClassName=NTC Member=R117
Removed Member From Class: ClassName=NTC Member=R118
Removed Member From Class: ClassName=NTC Member=R119
Removed Member From Class: ClassName=NTC Member=R120
Removed Member From Class: ClassName=NTC Member=R121
Removed Member From Class: ClassName=NTC Member=R122
Removed Member From Class: ClassName=NTC Member=R123
Removed Member From Class: ClassName=NTC Member=R124
Removed Member From Class: ClassName=NTC Member=R125
Removed Member From Class: ClassName=NTC Member=R126
Removed Member From Class: ClassName=HEATER Member=R142
Removed Member From Class: ClassName=HEATER Member=R143
Removed Member From Class: ClassName=HEATER Member=R144
Removed Member From Class: ClassName=HEATER Member=R145
Removed Member From Class: ClassName=HEATER Member=TVS13
Removed Member From Class: ClassName=HEATER Member=TVS24
Removed Member From Class: ClassName=HEATER Member=TVS25
Removed Member From Class: ClassName=HEATER Member=TVS26
Removed Member From Class: ClassName=HEATER Member=U22
Removed Member From Class: ClassName=HEATER Member=U23
Removed Member From Class: ClassName=HEATER Member=U24
Removed Member From Class: ClassName=HEATER Member=U25
Change Component Footprint: Designator=H7 Old Footprint=M55-7001242R New Footprint=M80-8281042
Change Component Footprint: Designator=H6 Old Footprint=M80-6661642 New Footprint=m30-6000446
Change Component Footprint: Designator=H5 Old Footprint=M80-6661642 New Footprint=m30-6000846
Change Component Footprint: Designator=R77 Old Footprint=RES-SMD-1206 New Footprint=RES-SMD-0603
Change Component Footprint: Designator=R78 Old Footprint=RES-SMD-1206 New Footprint=RES-SMD-0603
Change Component Footprint: Designator=D13 Old Footprint=sod-123 New Footprint=SC-76, SOD323
Change Component Footprint: Designator=D14 Old Footprint=sod-123 New Footprint=SC-76, SOD323
Change Component Footprint: Designator=D15 Old Footprint=sod-123 New Footprint=SC-76, SOD323
Change Component Footprint: Designator=D12 Old Footprint=sod-123 New Footprint=SOT23-6-123_456
Change Component Comment : Designator=C33 Old Comment=0.1uF 25V New Comment=4.7uF 25V
Change Component Comment : Designator=R78 Old Comment=0R2 New Comment=10k 1%
Change Component Comment : Designator=R77 Old Comment=0R2 New Comment=100R 1%
Change Component Comment : Designator=R76 Old Comment=1k 1% New Comment=10k 1%
Change Component Comment : Designator=R82 Old Comment=1k 1% New Comment=10k 1%
Change Component Comment : Designator=R75 Old Comment=1k 1% New Comment=100R 1%
Change Component Comment : Designator=R81 Old Comment=1k 1% New Comment=100R 1%
Change Component Comment : Designator=C25 Old Comment=4.7uF 25V New Comment=0.1uF 25V
Change Component Comment : Designator=R79 Old Comment=10k 1% New Comment=100R 1%
Change Component Comment : Designator=D13 Old Comment=DSS14U New Comment=AQ4020-01FTG
Change Component Comment : Designator=D14 Old Comment=DSS14U New Comment=AQ4020-01FTG
Change Component Comment : Designator=D15 Old Comment=DSS14U New Comment=AQ4020-01FTG
Change Component Comment : Designator=D12 Old Comment=DSS14U New Comment=USBLC6-2SC6
Change Component Comment : Designator=H7 Old Comment=M55-7001242R New Comment=M80-8281042
Change Component Comment : Designator=H6 Old Comment=M80-6661642 New Comment=M30-6000446
Change Component Comment : Designator=H5 Old Comment=M80-6661642 New Comment=M30-6000846
Added Component: Designator=D16(SC-76, SOD323)
Added Component: Designator=D17(SC-76, SOD323)
Added Component: Designator=D18(SC-76, SOD323)
Added Component: Designator=H9(M55-7001242R)
Added Component: Designator=H10(M80-6661642)
Added Component: Designator=H11(M80-6661642)
Added Component: Designator=H?(m80-6661242)
Added Component: Designator=Q1(SOT23-13_2)
Added Component: Designator=Q2(SOT23-13_2)
Added Component: Designator=Q3(SOT23-13_2)
Added Component: Designator=Q4(SOT23-13_2)
Added Pin To Net: NetName=12_EXP Pin=H9-A1
Added Pin To Net: NetName=12_EXP Pin=H9-A2
Added Pin To Net: NetName=12_EXP Pin=H9-A3
Added Pin To Net: NetName=VBUS Pin=H9-A4
Added Pin To Net: NetName=ISO_CANL Pin=H9-A5
Added Pin To Net: NetName=ISO_SCL1 Pin=H9-A6
Added Pin To Net: NetName=GND_12_EXP Pin=H9-B1
Added Pin To Net: NetName=GND_12_EXP Pin=H9-B2
Added Pin To Net: NetName=GND_12_EXP Pin=H9-B3
Added Pin To Net: NetName=GND_BUS Pin=H9-B4
Added Pin To Net: NetName=ISO_CANH Pin=H9-B5
Added Pin To Net: NetName=ISO_SDA1 Pin=H9-B6
Added Pin To Net: NetName=TEC_1_A Pin=H10-1
Added Pin To Net: NetName=3V3_EXP Pin=H10-2
Added Pin To Net: NetName=TEC_1_B Pin=H10-3
Added Pin To Net: NetName=NTC1- Pin=H10-4
Added Pin To Net: NetName=TEC_2_A Pin=H10-5
Added Pin To Net: NetName=3V3_EXP Pin=H10-6
Added Pin To Net: NetName=TEC_2_B Pin=H10-7
Added Pin To Net: NetName=NTC2- Pin=H10-8
Added Pin To Net: NetName=TEC_3_A Pin=H10-9
Added Pin To Net: NetName=3V3_EXP Pin=H10-10
Added Pin To Net: NetName=TEC_3_B Pin=H10-11
Added Pin To Net: NetName=NTC3- Pin=H10-12
Added Pin To Net: NetName=TEC_4_A Pin=H10-13
Added Pin To Net: NetName=3V3_EXP Pin=H10-14
Added Pin To Net: NetName=TEC_4_B Pin=H10-15
Added Pin To Net: NetName=NTC4- Pin=H10-16
Added Pin To Net: NetName=IR_LED_1- Pin=H11-1
Added Pin To Net: NetName=IR_LED_1+ Pin=H11-3
Added Pin To Net: NetName=+5_HEATER Pin=H11-4
Added Pin To Net: NetName=IR_LED_2- Pin=H11-5
Added Pin To Net: NetName=IR_LED_2+ Pin=H11-7
Added Pin To Net: NetName=+5_HEATER Pin=H11-8
Added Pin To Net: NetName=IR_LED_3- Pin=H11-9
Added Pin To Net: NetName=IR_LED_3+ Pin=H11-11
Added Pin To Net: NetName=+5_HEATER Pin=H11-12
Added Pin To Net: NetName=IR_LED_4- Pin=H11-13
Added Pin To Net: NetName=IR_LED_4+ Pin=H11-15
Added Pin To Net: NetName=+5_HEATER Pin=H11-16
Added Pin To Net: NetName=ISO_SCL1 Pin=H?-1
Added Pin To Net: NetName=ISO_SDA1 Pin=H?-2
Added Pin To Net: NetName=VBUS Pin=H?-3
Added Pin To Net: NetName=GND_BUS Pin=H?-4
Added Pin To Net: NetName=ISO_SPI1_SI Pin=H?-5
Added Pin To Net: NetName=12_EXP Pin=H?-6
Added Pin To Net: NetName=ISO_SPI1_SO Pin=H?-7
Added Pin To Net: NetName=12_EXP Pin=H?-8
Added Pin To Net: NetName=ISO_SPI1_SCLK Pin=H?-9
Added Pin To Net: NetName=GND_12_EXP Pin=H?-10
Added Pin To Net: NetName=ISO_SPI1_S\S\S\ Pin=H?-11
Added Pin To Net: NetName=GND_12_EXP Pin=H?-12
Added Pin To Net: NetName=GND Pin=Q1-3
Added Pin To Net: NetName=GND Pin=Q2-3
Added Pin To Net: NetName=GND Pin=Q3-3
Added Pin To Net: NetName=GND Pin=Q4-3
Added Pin To Net: NetName=SWDIO Pin=R34-1
Added Pin To Net: NetName=SWCLK Pin=R36-1
Added Pin To Net: NetName=HEATER_PWM_1 Pin=R75-1
Added Pin To Net: NetName=GND Pin=R76-1
Added Pin To Net: NetName=HEATER_PWM_2 Pin=R77-1
Added Pin To Net: NetName=GND Pin=R78-1
Added Pin To Net: NetName=HEATER_PWM_3 Pin=R79-1
Added Pin To Net: NetName=HEATER_PWM_4 Pin=R81-1
Added Pin To Net: NetName=GND Pin=R82-1
Change Net Name : Old Net Name=+5_HEATER New Net Name=HEATER_1_A
Added Pin To Net: NetName=CAM/USB_GND Pin=D12-2
Added Pin To Net: NetName=CAM/USB_GND Pin=D13-2
Added Pin To Net: NetName=CAM/USB_GND Pin=D14-2
Added Pin To Net: NetName=CAM/USB_GND Pin=D15-2
Added Pin To Net: NetName=CAM/USB_GND Pin=D16-2
Added Pin To Net: NetName=CAM/USB_GND Pin=D17-2
Added Pin To Net: NetName=CAM/USB_GND Pin=D18-2
Added Pin To Net: NetName=CAM/USB_GND Pin=H5-4
Added Pin To Net: NetName=CAM/USB_GND Pin=H6-4
Added Pin To Net: NetName=CAM/USB_GND Pin=H7-7
Added Net: Name=CAM/USB_GND
Added Pin To Net: NetName=CAM/USB_VCC Pin=D12-5
Added Pin To Net: NetName=CAM/USB_VCC Pin=H5-3
Added Pin To Net: NetName=CAM/USB_VCC Pin=H6-1
Added Pin To Net: NetName=CAM/USB_VCC Pin=H7-5
Added Net: Name=CAM/USB_VCC
Added Pin To Net: NetName=CAM_CS Pin=D18-1
Added Pin To Net: NetName=CAM_CS Pin=H5-8
Added Pin To Net: NetName=CAM_CS Pin=H7-6
Added Net: Name=CAM_CS
Added Pin To Net: NetName=CAM_MISO Pin=D16-1
Added Pin To Net: NetName=CAM_MISO Pin=H5-6
Added Pin To Net: NetName=CAM_MISO Pin=H7-2
Added Net: Name=CAM_MISO
Added Pin To Net: NetName=CAM_MOSI Pin=D17-1
Added Pin To Net: NetName=CAM_MOSI Pin=H5-7
Added Pin To Net: NetName=CAM_MOSI Pin=H7-4
Added Net: Name=CAM_MOSI
Added Pin To Net: NetName=CAM_SCK Pin=D15-1
Added Pin To Net: NetName=CAM_SCK Pin=H5-5
Added Pin To Net: NetName=CAM_SCK Pin=H7-9
Added Net: Name=CAM_SCK
Added Pin To Net: NetName=CAM_SCL Pin=D13-1
Added Pin To Net: NetName=CAM_SCL Pin=H5-1
Added Pin To Net: NetName=CAM_SCL Pin=H7-1
Added Net: Name=CAM_SCL
Added Pin To Net: NetName=CAM_SDA Pin=D14-1
Added Pin To Net: NetName=CAM_SDA Pin=H5-2
Added Pin To Net: NetName=CAM_SDA Pin=H7-3
Added Net: Name=CAM_SDA
Added Pin To Net: NetName=HEATER_1_B Pin=H11-2
Added Pin To Net: NetName=HEATER_1_B Pin=Q1-2
Added Net: Name=HEATER_1_B
Added Pin To Net: NetName=HEATER_2_B Pin=H11-6
Added Pin To Net: NetName=HEATER_2_B Pin=Q2-2
Added Net: Name=HEATER_2_B
Added Pin To Net: NetName=HEATER_3_B Pin=H11-10
Added Pin To Net: NetName=HEATER_3_B Pin=Q3-2
Added Net: Name=HEATER_3_B
Added Pin To Net: NetName=HEATER_4_B Pin=H11-14
Added Pin To Net: NetName=HEATER_4_B Pin=Q4-2
Added Net: Name=HEATER_4_B
Added Pin To Net: NetName=NetH4_4 Pin=H4-4
Added Pin To Net: NetName=NetH4_4 Pin=TVS16-1
Added Net: Name=NetH4_4
Added Pin To Net: NetName=NetH4_6 Pin=H4-6
Added Pin To Net: NetName=NetH4_6 Pin=TVS16-2
Added Net: Name=NetH4_6
Added Pin To Net: NetName=NetH4_8 Pin=H4-8
Added Pin To Net: NetName=NetH4_8 Pin=TVS18-1
Added Net: Name=NetH4_8
Added Pin To Net: NetName=NetQ1_1 Pin=Q1-1
Added Pin To Net: NetName=NetQ1_1 Pin=R75-2
Added Pin To Net: NetName=NetQ1_1 Pin=R76-2
Added Net: Name=NetQ1_1
Added Pin To Net: NetName=NetQ2_1 Pin=Q2-1
Added Pin To Net: NetName=NetQ2_1 Pin=R77-2
Added Pin To Net: NetName=NetQ2_1 Pin=R78-2
Added Net: Name=NetQ2_1
Added Pin To Net: NetName=NetQ3_1 Pin=Q3-1
Added Pin To Net: NetName=NetQ3_1 Pin=R79-2
Added Pin To Net: NetName=NetQ3_1 Pin=R80-2
Added Net: Name=NetQ3_1
Added Pin To Net: NetName=NetQ4_1 Pin=Q4-1
Added Pin To Net: NetName=NetQ4_1 Pin=R81-2
Added Pin To Net: NetName=NetQ4_1 Pin=R82-2
Added Net: Name=NetQ4_1
Added Pin To Net: NetName=NetR41_1 Pin=R41-1
Added Pin To Net: NetName=NetR41_1 Pin=U8-1
Added Pin To Net: NetName=NetR41_1 Pin=U8-2
Added Net: Name=NetR41_1
Added Pin To Net: NetName=NetR42_1 Pin=R42-1
Added Pin To Net: NetName=NetR42_1 Pin=U8-6
Added Pin To Net: NetName=NetR42_1 Pin=U8-7
Added Net: Name=NetR42_1
Added Pin To Net: NetName=NetR47_1 Pin=R47-1
Added Pin To Net: NetName=NetR47_1 Pin=U9-1
Added Pin To Net: NetName=NetR47_1 Pin=U9-2
Added Net: Name=NetR47_1
Added Pin To Net: NetName=NetR48_1 Pin=R48-1
Added Pin To Net: NetName=NetR48_1 Pin=U9-6
Added Pin To Net: NetName=NetR48_1 Pin=U9-7
Added Net: Name=NetR48_1
Added Pin To Net: NetName=USB_HS_DM Pin=D12-1
Added Pin To Net: NetName=USB_HS_DM Pin=D12-6
Added Pin To Net: NetName=USB_HS_DM Pin=H6-2
Added Pin To Net: NetName=USB_HS_DM Pin=H7-8
Added Net: Name=USB_HS_DM
Added Pin To Net: NetName=USB_HS_DP Pin=D12-3
Added Pin To Net: NetName=USB_HS_DP Pin=D12-4
Added Pin To Net: NetName=USB_HS_DP Pin=H6-3
Added Pin To Net: NetName=USB_HS_DP Pin=H7-10
Added Net: Name=USB_HS_DP
Change Class Name : Old Net Name=HEADERSchDoc New Net Name=HEADERS_1
Added Class: Name=HEADERS_2
Added Member To Class: ClassName=HEADERS_1 Member=Component D12 USBLC6-2SC6
Added Member To Class: ClassName=HEADERS_1 Member=Component D13 AQ4020-01FTG
Added Member To Class: ClassName=HEADERS_1 Member=Component D14 AQ4020-01FTG
Added Member To Class: ClassName=HEADERS_1 Member=Component D15 AQ4020-01FTG
Added Member To Class: ClassName=HEADERS_1 Member=Component D16 AQ4020-01FTG
Added Member To Class: ClassName=HEADERS_1 Member=Component D17 AQ4020-01FTG
Added Member To Class: ClassName=HEADERS_1 Member=Component D18 AQ4020-01FTG
Added Member To Class: ClassName=HEADERS_1 Member=Component H9 M55-7001242R
Added Member To Class: ClassName=HEADERS_1 Member=Component H? M80-6661242
Added Member To Class: ClassName=HEATER Member=Component Q1 AO3400A
Added Member To Class: ClassName=HEATER Member=Component Q2 AO3400A
Added Member To Class: ClassName=HEATER Member=Component Q3 AO3400A
Added Member To Class: ClassName=HEATER Member=Component Q4 AO3400A
