Added Component: Designator=H1(m80-6661242)
Added Component: Designator=H5(M80-6661642)
Added Component: Designator=H6(M80-6661642)
Added Pin To Net: NetName=ISO_SCL1 Pin=H1-1
Added Pin To Net: NetName=ISO_SDA1 Pin=H1-2
Added Pin To Net: NetName=VBUS Pin=H1-3
Added Pin To Net: NetName=GND_BUS Pin=H1-4
Added Pin To Net: NetName=ISO_SPI1_SI Pin=H1-5
Added Pin To Net: NetName=12_EXP Pin=H1-6
Added Pin To Net: NetName=ISO_SPI1_SO Pin=H1-7
Added Pin To Net: NetName=12_EXP Pin=H1-8
Added Pin To Net: NetName=ISO_SPI1_SCLK Pin=H1-9
Added Pin To Net: NetName=GND_12_EXP Pin=H1-10
Added Pin To Net: NetName=ISO_SPI1_S\S\S\ Pin=H1-11
Added Pin To Net: NetName=GND_12_EXP Pin=H1-12
Added Pin To Net: NetName=NTC4- Pin=H5-1
Added Pin To Net: NetName=TEC_4_B Pin=H5-2
Added Pin To Net: NetName=3V3_EXP Pin=H5-3
Added Pin To Net: NetName=TEC_4_A Pin=H5-4
Added Pin To Net: NetName=NTC3- Pin=H5-5
Added Pin To Net: NetName=TEC_3_B Pin=H5-6
Added Pin To Net: NetName=3V3_EXP Pin=H5-7
Added Pin To Net: NetName=TEC_3_A Pin=H5-8
Added Pin To Net: NetName=NTC2- Pin=H5-9
Added Pin To Net: NetName=TEC_2_B Pin=H5-10
Added Pin To Net: NetName=3V3_EXP Pin=H5-11
Added Pin To Net: NetName=TEC_2_A Pin=H5-12
Added Pin To Net: NetName=NTC1- Pin=H5-13
Added Pin To Net: NetName=TEC_1_B Pin=H5-14
Added Pin To Net: NetName=3V3_EXP Pin=H5-15
Added Pin To Net: NetName=TEC_1_A Pin=H5-16
Added Pin To Net: NetName=HEATER_4_K Pin=H6-1
Added Pin To Net: NetName=HEATER_4_A Pin=H6-2
Added Pin To Net: NetName=HEATER_3_K Pin=H6-3
Added Pin To Net: NetName=HEATER_3_A Pin=H6-4
Added Pin To Net: NetName=HEATER_2_K Pin=H6-5
Added Pin To Net: NetName=HEATER_2_A Pin=H6-6
Added Pin To Net: NetName=HEATER_1_K Pin=H6-7
Added Pin To Net: NetName=HEATER_1_A Pin=H6-8
Added Pin To Net: NetName=IR_LED_4- Pin=H6-9
Added Pin To Net: NetName=IR_LED_4+ Pin=H6-10
Added Pin To Net: NetName=IR_LED_3- Pin=H6-11
Added Pin To Net: NetName=IR_LED_3+ Pin=H6-12
Added Pin To Net: NetName=IR_LED_2- Pin=H6-13
Added Pin To Net: NetName=IR_LED_2+ Pin=H6-14
Added Pin To Net: NetName=IR_LED_1- Pin=H6-15
Added Pin To Net: NetName=IR_LED_1+ Pin=H6-16
Added Member To Class: ClassName=HEADERSchDoc Member=Component H1 M80-6661242
Added Member To Class: ClassName=HEADERSchDoc Member=Component H5 M80-6661642
Added Member To Class: ClassName=HEADERSchDoc Member=Component H6 M80-6661642
