Removed Pin From Net: NetName=TEC_3_ADC Pin=C138-2
Removed Pin From Net: NetName=TEC_1_ADC Pin=C161-2
Removed Pin From Net: NetName=TEC_2_ADC Pin=C162-2
Removed Pin From Net: NetName=TEC_4_ADC Pin=C163-2
Removed Pin From Net: NetName=TEC_1_ADC Pin=R8-2
Removed Pin From Net: NetName=TEC_3_ADC Pin=R139-2
Removed Pin From Net: NetName=TEC_2_ADC Pin=R140-2
Removed Pin From Net: NetName=TEC_4_ADC Pin=R141-2
Removed Pin From Net: NetName=NetR8_1 Pin=U15-20
Removed Pin From Net: NetName=NetR139_1 Pin=U16-20
Removed Pin From Net: NetName=NetR140_1 Pin=U17-20
Removed Pin From Net: NetName=NetR141_1 Pin=U18-20
Added Pin To Net: NetName=TEC_2_ADC Pin=C138-2
Added Pin To Net: NetName=TEC_4_ADC Pin=C161-2
Added Pin To Net: NetName=TEC_3_ADC Pin=C162-2
Added Pin To Net: NetName=TEC_1_ADC Pin=C163-2
Added Pin To Net: NetName=TEC_4_ADC Pin=R8-2
Added Pin To Net: NetName=TEC_2_ADC Pin=R139-2
Added Pin To Net: NetName=TEC_3_ADC Pin=R140-2
Added Pin To Net: NetName=TEC_1_ADC Pin=R141-2
Added Pin To Net: NetName=NetR141_1 Pin=U15-20
Added Pin To Net: NetName=NetR140_1 Pin=U16-20
Added Pin To Net: NetName=NetR139_1 Pin=U17-20
Added Pin To Net: NetName=NetR8_1 Pin=U18-20
