Removed Pin From Net: NetName=12_EXP Pin=J5-01
Removed Pin From Net: NetName=GND Pin=J5-02
Removed Pin From Net: NetName=12_EXP Pin=J5-03
Removed Pin From Net: NetName=GND Pin=J5-04
Removed Pin From Net: NetName=LASER_SCK Pin=R12-1
Removed Pin From Net: NetName=NetJ5_05 Pin=R12-2
Removed Pin From Net: NetName=LASER_MOSI Pin=R14-1
Removed Pin From Net: NetName=NetJ5_07 Pin=R14-2
Removed Pin From Net: NetName=LASER_MISO Pin=R15-1
Removed Pin From Net: NetName=NetJ5_09 Pin=R15-2
Removed Pin From Net: NetName=LASER_ADC1 Pin=R16-1
Removed Pin From Net: NetName=NetJ5_11 Pin=R16-2
Removed Pin From Net: NetName=LASER_ADC2 Pin=R17-1
Removed Pin From Net: NetName=NetJ5_06 Pin=R35-1
Removed Pin From Net: NetName=LASER_SW_INT_CS Pin=R35-2
Removed Pin From Net: NetName=NetJ5_08 Pin=R38-1
Removed Pin From Net: NetName=LASER_SW_EXT_CS Pin=R38-2
Removed Pin From Net: NetName=NetJ5_10 Pin=R39-1
Removed Pin From Net: NetName=LASER_DAC_CS Pin=R39-2
Removed Pin From Net: NetName=NetJ5_12 Pin=R40-1
Removed Pin From Net: NetName=LASER__DAC_LATCH Pin=R40-2
Added Pin To Net: NetName=GND Pin=J5-01
Added Pin To Net: NetName=12_EXP Pin=J5-02
Added Pin To Net: NetName=GND Pin=J5-03
Added Pin To Net: NetName=12_EXP Pin=J5-04
Added Pin To Net: NetName=NetJ5_06 Pin=R12-1
Added Pin To Net: NetName=LASER_SCK Pin=R12-2
Added Pin To Net: NetName=NetJ5_08 Pin=R14-1
Added Pin To Net: NetName=LASER_MOSI Pin=R14-2
Added Pin To Net: NetName=NetJ5_10 Pin=R15-1
Added Pin To Net: NetName=LASER_MISO Pin=R15-2
Added Pin To Net: NetName=NetJ5_12 Pin=R16-1
Added Pin To Net: NetName=LASER_ADC1 Pin=R16-2
Added Pin To Net: NetName=LASER_ADC2 Pin=R17-2
Added Pin To Net: NetName=LASER_SW_INT_CS Pin=R35-1
Added Pin To Net: NetName=NetJ5_05 Pin=R35-2
Added Pin To Net: NetName=LASER_SW_EXT_CS Pin=R38-1
Added Pin To Net: NetName=NetJ5_07 Pin=R38-2
Added Pin To Net: NetName=LASER_DAC_CS Pin=R39-1
Added Pin To Net: NetName=NetJ5_09 Pin=R39-2
Added Pin To Net: NetName=LASER__DAC_LATCH Pin=R40-1
Added Pin To Net: NetName=NetJ5_11 Pin=R40-2
Added Pin To Net: NetName=NetJ5_14 Pin=J5-14
Added Pin To Net: NetName=NetJ5_14 Pin=R17-1
Added Net: Name=NetJ5_14
