Removed Pin From Net: NetName=IR_LED_1+ Pin=H6-1
Removed Pin From Net: NetName=HEATER_1_A Pin=H6-2
Removed Pin From Net: NetName=IR_LED_1- Pin=H6-3
Removed Pin From Net: NetName=HEATER_1_K Pin=H6-4
Removed Pin From Net: NetName=IR_LED_2+ Pin=H6-5
Removed Pin From Net: NetName=HEATER_2_A Pin=H6-6
Removed Pin From Net: NetName=IR_LED_2- Pin=H6-7
Removed Pin From Net: NetName=HEATER_2_K Pin=H6-8
Removed Pin From Net: NetName=IR_LED_3+ Pin=H6-9
Removed Pin From Net: NetName=HEATER_3_A Pin=H6-10
Removed Pin From Net: NetName=IR_LED_3- Pin=H6-11
Removed Pin From Net: NetName=HEATER_3_K Pin=H6-12
Removed Pin From Net: NetName=IR_LED_4+ Pin=H6-13
Removed Pin From Net: NetName=HEATER_4_A Pin=H6-14
Removed Pin From Net: NetName=IR_LED_4- Pin=H6-15
Removed Pin From Net: NetName=HEATER_4_K Pin=H6-16
Added Pin To Net: NetName=IR_LED_1- Pin=H6-1
Added Pin To Net: NetName=HEATER_1_K Pin=H6-2
Added Pin To Net: NetName=IR_LED_1+ Pin=H6-3
Added Pin To Net: NetName=HEATER_1_A Pin=H6-4
Added Pin To Net: NetName=IR_LED_2- Pin=H6-5
Added Pin To Net: NetName=HEATER_2_K Pin=H6-6
Added Pin To Net: NetName=IR_LED_2+ Pin=H6-7
Added Pin To Net: NetName=HEATER_2_A Pin=H6-8
Added Pin To Net: NetName=IR_LED_3- Pin=H6-9
Added Pin To Net: NetName=HEATER_3_K Pin=H6-10
Added Pin To Net: NetName=IR_LED_3+ Pin=H6-11
Added Pin To Net: NetName=HEATER_3_A Pin=H6-12
Added Pin To Net: NetName=IR_LED_4- Pin=H6-13
Added Pin To Net: NetName=HEATER_4_K Pin=H6-14
Added Pin To Net: NetName=IR_LED_4+ Pin=H6-15
Added Pin To Net: NetName=HEATER_4_A Pin=H6-16
