Removed Pin From Net: NetName=GND Pin=J8-1
Removed Pin From Net: NetName=3V3_EXP Pin=J8-2
Removed Pin From Net: NetName=NetJ8_3 Pin=J8-3
Removed Pin From Net: NetName=NetJ8_4 Pin=J8-4
Removed Pin From Net: NetName=GND Pin=J9-1
Removed Pin From Net: NetName=3V3_EXP Pin=J9-2
Removed Pin From Net: NetName=NetJ9_3 Pin=J9-3
Removed Pin From Net: NetName=NetJ9_4 Pin=J9-4
Added Pin To Net: NetName=NetJ8_4 Pin=J8-1
Added Pin To Net: NetName=NetJ8_3 Pin=J8-2
Added Pin To Net: NetName=3V3_EXP Pin=J8-3
Added Pin To Net: NetName=GND Pin=J8-4
Added Pin To Net: NetName=NetJ9_4 Pin=J9-1
Added Pin To Net: NetName=NetJ9_3 Pin=J9-2
Added Pin To Net: NetName=3V3_EXP Pin=J9-3
Added Pin To Net: NetName=GND Pin=J9-4
Change Net Name : Old Net Name=NetJ8_3 New Net Name=NetJ8_2
Change Net Name : Old Net Name=NetJ8_4 New Net Name=NetJ8_1
Change Net Name : Old Net Name=NetJ9_3 New Net Name=NetJ9_2
Change Net Name : Old Net Name=NetJ9_4 New Net Name=NetJ9_1
