Removed Pin From Net: NetName=GND Pin=H8-1
Removed Pin From Net: NetName=3V3_EXP Pin=H8-2
Removed Pin From Net: NetName=NetH8_3 Pin=H8-3
Removed Pin From Net: NetName=NetH8_4 Pin=H8-4
Removed Pin From Net: NetName=GND Pin=H9-1
Removed Pin From Net: NetName=3V3_EXP Pin=H9-2
Removed Pin From Net: NetName=NetH9_3 Pin=H9-3
Removed Pin From Net: NetName=NetH9_4 Pin=H9-4
Added Pin To Net: NetName=NetH8_4 Pin=H8-1
Added Pin To Net: NetName=NetH8_3 Pin=H8-2
Added Pin To Net: NetName=3V3_EXP Pin=H8-3
Added Pin To Net: NetName=GND Pin=H8-4
Added Pin To Net: NetName=NetH9_4 Pin=H9-1
Added Pin To Net: NetName=NetH9_3 Pin=H9-2
Added Pin To Net: NetName=3V3_EXP Pin=H9-3
Added Pin To Net: NetName=GND Pin=H9-4
Change Net Name : Old Net Name=NetH8_3 New Net Name=NetH8_2
Change Net Name : Old Net Name=NetH8_4 New Net Name=NetH8_1
Change Net Name : Old Net Name=NetH9_3 New Net Name=NetH9_2
Change Net Name : Old Net Name=NetH9_4 New Net Name=NetH9_1
