Removed Pin From Net: NetName=HEATER_1_A Pin=J3-2
Removed Pin From Net: NetName=HEATER_2_B Pin=J3-3
Removed Pin From Net: NetName=HEATER_1_A Pin=J3-4
Removed Pin From Net: NetName=HEATER_3_B Pin=J3-5
Removed Pin From Net: NetName=HEATER_1_A Pin=J3-6
Removed Pin From Net: NetName=HEATER_4_B Pin=J3-7
Removed Pin From Net: NetName=HEATER_1_A Pin=J3-8
Removed Pin From Net: NetName=3V3_EXP Pin=J3-9
Removed Pin From Net: NetName=NTC5- Pin=J3-10
Removed Pin From Net: NetName=3V3_EXP Pin=J3-11
Removed Pin From Net: NetName=NTC6- Pin=J3-12
Removed Pin From Net: NetName=3V3_EXP Pin=J3-13
Removed Pin From Net: NetName=NTC7- Pin=J3-14
Removed Pin From Net: NetName=3V3_EXP Pin=J3-15
Removed Pin From Net: NetName=TEC_1_A Pin=J7-1
Removed Pin From Net: NetName=TEC_1_B Pin=J7-2
Removed Pin From Net: NetName=TEC_2_A Pin=J7-3
Removed Pin From Net: NetName=TEC_2_B Pin=J7-4
Removed Pin From Net: NetName=TEC_3_A Pin=J7-5
Removed Pin From Net: NetName=TEC_3_B Pin=J7-6
Removed Pin From Net: NetName=TEC_4_A Pin=J7-7
Removed Pin From Net: NetName=TEC_4_B Pin=J7-8
Removed Pin From Net: NetName=3V3_EXP Pin=J7-9
Removed Pin From Net: NetName=NTC1- Pin=J7-10
Removed Pin From Net: NetName=3V3_EXP Pin=J7-11
Removed Pin From Net: NetName=NTC2- Pin=J7-12
Removed Pin From Net: NetName=3V3_EXP Pin=J7-13
Removed Pin From Net: NetName=NTC3- Pin=J7-14
Removed Pin From Net: NetName=3V3_EXP Pin=J7-15
Removed Pin From Net: NetName=NTC4- Pin=J7-16
Removed Member From Class: ClassName=HEADERS_2 Member=J7
Added Component: Designator=J10(m80-6661642)
Added Pin To Net: NetName=3V3_EXP Pin=J3-2
Added Pin To Net: NetName=HEATER_1_A Pin=J3-3
Added Pin To Net: NetName=NTC5- Pin=J3-4
Added Pin To Net: NetName=HEATER_2_B Pin=J3-5
Added Pin To Net: NetName=3V3_EXP Pin=J3-6
Added Pin To Net: NetName=HEATER_1_A Pin=J3-7
Added Pin To Net: NetName=NTC6- Pin=J3-8
Added Pin To Net: NetName=HEATER_3_B Pin=J3-9
Added Pin To Net: NetName=3V3_EXP Pin=J3-10
Added Pin To Net: NetName=HEATER_1_A Pin=J3-11
Added Pin To Net: NetName=NTC7- Pin=J3-12
Added Pin To Net: NetName=HEATER_4_B Pin=J3-13
Added Pin To Net: NetName=3V3_EXP Pin=J3-14
Added Pin To Net: NetName=HEATER_1_A Pin=J3-15
Added Pin To Net: NetName=TEC_1_A Pin=J10-1
Added Pin To Net: NetName=3V3_EXP Pin=J10-2
Added Pin To Net: NetName=TEC_1_B Pin=J10-3
Added Pin To Net: NetName=NTC1- Pin=J10-4
Added Pin To Net: NetName=TEC_2_A Pin=J10-5
Added Pin To Net: NetName=3V3_EXP Pin=J10-6
Added Pin To Net: NetName=TEC_2_B Pin=J10-7
Added Pin To Net: NetName=NTC2- Pin=J10-8
Added Pin To Net: NetName=TEC_3_A Pin=J10-9
Added Pin To Net: NetName=3V3_EXP Pin=J10-10
Added Pin To Net: NetName=TEC_3_B Pin=J10-11
Added Pin To Net: NetName=NTC3- Pin=J10-12
Added Pin To Net: NetName=TEC_4_A Pin=J10-13
Added Pin To Net: NetName=3V3_EXP Pin=J10-14
Added Pin To Net: NetName=TEC_4_B Pin=J10-15
Added Pin To Net: NetName=NTC4- Pin=J10-16
Added Member To Class: ClassName=HEADERS_2 Member=Component J10 M80-6661642
