Removed Pin From Net: NetName=NTC4- Pin=H5-1
Removed Pin From Net: NetName=TEC_4_B Pin=H5-2
Removed Pin From Net: NetName=3V3_EXP Pin=H5-3
Removed Pin From Net: NetName=TEC_4_A Pin=H5-4
Removed Pin From Net: NetName=NTC3- Pin=H5-5
Removed Pin From Net: NetName=TEC_3_B Pin=H5-6
Removed Pin From Net: NetName=3V3_EXP Pin=H5-7
Removed Pin From Net: NetName=TEC_3_A Pin=H5-8
Removed Pin From Net: NetName=NTC2- Pin=H5-9
Removed Pin From Net: NetName=TEC_2_B Pin=H5-10
Removed Pin From Net: NetName=3V3_EXP Pin=H5-11
Removed Pin From Net: NetName=TEC_2_A Pin=H5-12
Removed Pin From Net: NetName=NTC1- Pin=H5-13
Removed Pin From Net: NetName=TEC_1_B Pin=H5-14
Removed Pin From Net: NetName=3V3_EXP Pin=H5-15
Removed Pin From Net: NetName=TEC_1_A Pin=H5-16
Added Pin To Net: NetName=TEC_4_A Pin=H5-1
Added Pin To Net: NetName=NTC4- Pin=H5-2
Added Pin To Net: NetName=TEC_4_B Pin=H5-3
Added Pin To Net: NetName=3V3_EXP Pin=H5-4
Added Pin To Net: NetName=TEC_3_B Pin=H5-5
Added Pin To Net: NetName=NTC3- Pin=H5-6
Added Pin To Net: NetName=TEC_3_A Pin=H5-7
Added Pin To Net: NetName=3V3_EXP Pin=H5-8
Added Pin To Net: NetName=TEC_2_B Pin=H5-9
Added Pin To Net: NetName=NTC2- Pin=H5-10
Added Pin To Net: NetName=TEC_2_A Pin=H5-11
Added Pin To Net: NetName=3V3_EXP Pin=H5-12
Added Pin To Net: NetName=TEC_1_B Pin=H5-13
Added Pin To Net: NetName=NTC1- Pin=H5-14
Added Pin To Net: NetName=TEC_1_A Pin=H5-15
Added Pin To Net: NetName=3V3_EXP Pin=H5-16
