Change Component Designator: Old Designator=C71 New Designator=C?
Change Component Designator: Old Designator=C72 New Designator=C?
Change Component Designator: Old Designator=C73 New Designator=C?
Change Component Designator: Old Designator=C74 New Designator=C?
Change Component Designator: Old Designator=H2 New Designator=H?
Change Component Designator: Old Designator=H3 New Designator=H?
Change Component Designator: Old Designator=R49 New Designator=R?
Change Component Designator: Old Designator=R50 New Designator=R?
Change Component Designator: Old Designator=R51 New Designator=R?
Change Component Designator: Old Designator=R52 New Designator=R?
Change Component Designator: Old Designator=R53 New Designator=R?
Change Component Designator: Old Designator=R54 New Designator=R?
Change Component Designator: Old Designator=R55 New Designator=R?
Change Component Designator: Old Designator=R56 New Designator=R?
Change Component Designator: Old Designator=R57 New Designator=R?
Change Component Designator: Old Designator=R58 New Designator=R?
Change Component Designator: Old Designator=R137 New Designator=R?
Change Component Designator: Old Designator=R138 New Designator=R?
Change Component Designator: Old Designator=TVS9 New Designator=TVS?
Change Component Designator: Old Designator=TVS10 New Designator=TVS?
Change Component Designator: Old Designator=U10 New Designator=U?
Change Component Designator: Old Designator=U11 New Designator=U?
