Change Component Designator: Old Designator=C? New Designator=C149
Change Component Designator: Old Designator=C? New Designator=C150
Change Component Designator: Old Designator=C? New Designator=C151
Change Component Designator: Old Designator=C? New Designator=C152
Change Component Designator: Old Designator=H? New Designator=H8
Change Component Designator: Old Designator=H? New Designator=H9
Change Component Designator: Old Designator=R? New Designator=R118
Change Component Designator: Old Designator=R? New Designator=R119
Change Component Designator: Old Designator=R? New Designator=R120
Change Component Designator: Old Designator=R? New Designator=R121
Change Component Designator: Old Designator=R? New Designator=R122
Change Component Designator: Old Designator=R? New Designator=R123
Change Component Designator: Old Designator=R? New Designator=R124
Change Component Designator: Old Designator=R? New Designator=R125
Change Component Designator: Old Designator=R? New Designator=R126
Change Component Designator: Old Designator=R? New Designator=R127
Change Component Designator: Old Designator=R? New Designator=R128
Change Component Designator: Old Designator=R? New Designator=R129
Change Component Designator: Old Designator=TVS? New Designator=TVS15
Change Component Designator: Old Designator=TVS? New Designator=TVS16
Change Component Designator: Old Designator=U? New Designator=U20
Change Component Designator: Old Designator=U? New Designator=U21
