Change Component Designator: Old Designator=BT1 New Designator=BT?
Change Component Designator: Old Designator=C139 New Designator=C?
Change Component Designator: Old Designator=C140 New Designator=C?
Change Component Designator: Old Designator=C141 New Designator=C?
Change Component Designator: Old Designator=C142 New Designator=C?
Change Component Designator: Old Designator=C143 New Designator=C?
Change Component Designator: Old Designator=C144 New Designator=C?
Change Component Designator: Old Designator=C145 New Designator=C?
Change Component Designator: Old Designator=C146 New Designator=C?
Change Component Designator: Old Designator=C147 New Designator=C?
Change Component Designator: Old Designator=C148 New Designator=C?
Change Component Designator: Old Designator=C149 New Designator=C?
Change Component Designator: Old Designator=C150 New Designator=C?
Change Component Designator: Old Designator=C151 New Designator=C?
Change Component Designator: Old Designator=C152 New Designator=C?
Change Component Designator: Old Designator=C153 New Designator=C?
Change Component Designator: Old Designator=C154 New Designator=C?
Change Component Designator: Old Designator=C155 New Designator=C?
Change Component Designator: Old Designator=C156 New Designator=C?
Change Component Designator: Old Designator=C157 New Designator=C?
Change Component Designator: Old Designator=C158 New Designator=C?
Change Component Designator: Old Designator=C159 New Designator=C?
Change Component Designator: Old Designator=C160 New Designator=C?
Change Component Designator: Old Designator=C173 New Designator=C?
Change Component Designator: Old Designator=C174 New Designator=C?
Change Component Designator: Old Designator=C175 New Designator=C?
Change Component Designator: Old Designator=C176 New Designator=C?
Change Component Designator: Old Designator=C177 New Designator=C?
Change Component Designator: Old Designator=H8 New Designator=H?
Change Component Designator: Old Designator=J2 New Designator=J?
Change Component Designator: Old Designator=L9 New Designator=L?
Change Component Designator: Old Designator=LED6 New Designator=LED?
Change Component Designator: Old Designator=LED7 New Designator=LED?
Change Component Designator: Old Designator=R26 New Designator=R?
Change Component Designator: Old Designator=R28 New Designator=R?
Change Component Designator: Old Designator=R34 New Designator=R?
Change Component Designator: Old Designator=R36 New Designator=R?
Change Component Designator: Old Designator=R83 New Designator=R?
Change Component Designator: Old Designator=R84 New Designator=R?
Change Component Designator: Old Designator=R85 New Designator=R?
Change Component Designator: Old Designator=R86 New Designator=R?
Change Component Designator: Old Designator=R87 New Designator=R?
Change Component Designator: Old Designator=R88 New Designator=R?
Change Component Designator: Old Designator=R89 New Designator=R?
Change Component Designator: Old Designator=R90 New Designator=R?
Change Component Designator: Old Designator=R92 New Designator=R?
Change Component Designator: Old Designator=R100 New Designator=R?
Change Component Designator: Old Designator=R101 New Designator=R?
Change Component Designator: Old Designator=TVS20 New Designator=TVS?
Change Component Designator: Old Designator=TVS22 New Designator=TVS?
Change Component Designator: Old Designator=TVS23 New Designator=TVS?
Change Component Designator: Old Designator=U19 New Designator=U?
Change Component Designator: Old Designator=U19 New Designator=U?
Change Component Designator: Old Designator=U20 New Designator=U?
Change Component Designator: Old Designator=X1 New Designator=X?
